Using pre-set license
Built from '2021.1/staging' branch; Version is '2021.1.23f1 (b50729e604a9) revision 11863849'; Using compiler version '192528614'; Build Type 'Release'
OS: 'Windows 10 Education; OS build 19042.1237; Version 2009; 64bit' Language: 'en' Physical Memory: 8143 MB
BatchMode: 1, IsHumanControllingUs: 0, StartBugReporterOnCrash: 0, Is64bit: 1, IsPro: 0

COMMAND LINE ARGUMENTS:
C:\Program Files\Unity\Hub\Editor\2021.1.23f1\Editor\Unity.exe
-adb2
-batchMode
-noUpm
-name
AssetImportWorker1
-projectPath
D:/Games/Syne/Melogrid1.0
-logFile
Logs/AssetImportWorker1.log
-srvPort
53159
Successfully changed project path to: D:/Games/Syne/Melogrid1.0
D:/Games/Syne/Melogrid1.0
Using Asset Import Pipeline V2.
Refreshing native plugins compatible for Editor in 90.06 ms, found 3 plugins.
Preloading 0 native plugins for Editor in 0.00 ms.
Initialize engine version: 2021.1.23f1 (b50729e604a9)
[Subsystems] Discovering subsystems at path C:/Program Files/Unity/Hub/Editor/2021.1.23f1/Editor/Data/Resources/UnitySubsystems
[Subsystems] Discovering subsystems at path D:/Games/Syne/Melogrid1.0/Assets
GfxDevice: creating device client; threaded=0; jobified=0
Direct3D:
    Version:  Direct3D 11.0 [level 11.1]
    Renderer: Radeon RX 580 Series (ID=0x67df)
    Vendor:   ATI
    VRAM:     4075 MB
    Driver:   27.20.14501.18003
Initialize mono
Mono path[0] = 'C:/Program Files/Unity/Hub/Editor/2021.1.23f1/Editor/Data/Managed'
Mono path[1] = 'C:/Program Files/Unity/Hub/Editor/2021.1.23f1/Editor/Data/MonoBleedingEdge/lib/mono/unityjit'
Mono config path = 'C:/Program Files/Unity/Hub/Editor/2021.1.23f1/Editor/Data/MonoBleedingEdge/etc'
Using monoOptions --debugger-agent=transport=dt_socket,embedding=1,server=y,suspend=n,address=127.0.0.1:56556
Begin MonoManager ReloadAssembly
Registering precompiled unity dll's ...
Register platform support module: C:/Program Files/Unity/Hub/Editor/2021.1.23f1/Editor/Data/PlaybackEngines/WindowsStandaloneSupport/UnityEditor.WindowsStandalone.Extensions.dll
Registered in 0.003531 seconds.
Native extension for WindowsStandalone target not found
Refreshing native plugins compatible for Editor in 73.93 ms, found 3 plugins.
Preloading 0 native plugins for Editor in 0.00 ms.
Mono: successfully reloaded assembly
- Completed reload, in  2.342 seconds
Domain Reload Profiling:
	ReloadAssembly (2343ms)
		BeginReloadAssembly (146ms)
			ExecutionOrderSort (0ms)
			DisableScriptedObjects (0ms)
			BackupInstance (0ms)
			ReleaseScriptingObjects (0ms)
			CreateAndSetChildDomain (2ms)
		EndReloadAssembly (753ms)
			LoadAssemblies (140ms)
			RebuildTransferFunctionScriptingTraits (0ms)
			SetupTypeCache (282ms)
			ReleaseScriptCaches (0ms)
			RebuildScriptCaches (54ms)
			SetupLoadedEditorAssemblies (333ms)
				LogAssemblyErrors (0ms)
				InitializePlatformSupportModulesInManaged (11ms)
				SetLoadedEditorAssemblies (0ms)
				RefreshPlugins (74ms)
				BeforeProcessingInitializeOnLoad (2ms)
				ProcessInitializeOnLoadAttributes (187ms)
				ProcessInitializeOnLoadMethodAttributes (58ms)
				AfterProcessingInitializeOnLoad (0ms)
				EditorAssembliesLoaded (0ms)
			ExecutionOrderSort2 (0ms)
			AwakeInstancesAfterBackupRestoration (0ms)
Platform modules already initialized, skipping
Registering precompiled user dll's ...
Registered in 0.005807 seconds.
Begin MonoManager ReloadAssembly
Native extension for WindowsStandalone target not found
Refreshing native plugins compatible for Editor in 80.40 ms, found 3 plugins.
Preloading 0 native plugins for Editor in 0.00 ms.
Mono: successfully reloaded assembly
- Completed reload, in  7.938 seconds
Domain Reload Profiling:
	ReloadAssembly (7939ms)
		BeginReloadAssembly (279ms)
			ExecutionOrderSort (0ms)
			DisableScriptedObjects (10ms)
			BackupInstance (0ms)
			ReleaseScriptingObjects (0ms)
			CreateAndSetChildDomain (33ms)
		EndReloadAssembly (7549ms)
			LoadAssemblies (4476ms)
			RebuildTransferFunctionScriptingTraits (0ms)
			SetupTypeCache (1844ms)
			ReleaseScriptCaches (1ms)
			RebuildScriptCaches (91ms)
			SetupLoadedEditorAssemblies (949ms)
				LogAssemblyErrors (0ms)
				InitializePlatformSupportModulesInManaged (7ms)
				SetLoadedEditorAssemblies (0ms)
				RefreshPlugins (81ms)
				BeforeProcessingInitializeOnLoad (128ms)
				ProcessInitializeOnLoadAttributes (690ms)
				ProcessInitializeOnLoadMethodAttributes (29ms)
				AfterProcessingInitializeOnLoad (14ms)
				EditorAssembliesLoaded (0ms)
			ExecutionOrderSort2 (0ms)
			AwakeInstancesAfterBackupRestoration (12ms)
Platform modules already initialized, skipping
========================================================================
Worker process is ready to serve import requests
Launched and connected shader compiler UnityShaderCompiler.exe after 0.23 seconds
Refreshing native plugins compatible for Editor in 2.46 ms, found 3 plugins.
Preloading 0 native plugins for Editor in 0.00 ms.
Unloading 2129 Unused Serialized files (Serialized files now loaded: 0)
System memory in use before: 95.5 MB.
System memory in use after: 95.6 MB.

Unloading 26 unused Assets to reduce memory usage. Loaded Objects now: 2584.
Total: 8.560800 ms (FindLiveObjects: 0.318900 ms CreateObjectMapping: 0.085100 ms MarkObjects: 8.056600 ms  DeleteObjects: 0.098900 ms)

AssetImportParameters requested are different than current active one (requested -> active):
  custom:framework-win-MediaFoundation: 216162199b28c13a410421893ffa2e32 -> 
  custom:video-decoder-ogg-theora: a1e56fd34408186e4bbccfd4996cb3dc -> 
  custom:container-muxer-webm: aa71ff27fc2769a1b78a27578f13a17b -> 
  custom:container-demuxer-webm: 4f35f7cbe854078d1ac9338744f61a02 -> 
  custom:container-demuxer-ogg: 62fdf1f143b41e24485cea50d1cbac27 -> 
  custom:video-encoder-webm-vp8: eb34c28f22e8b96e1ab97ce403110664 -> 
  custom:video-decoder-webm-vp8: 9c59270c3fd7afecdb556c50c9e8de78 -> 
  custom:audio-decoder-ogg-vorbis: bf7c407c2cedff20999df2af8eb42d56 -> 
  custom:audio-encoder-webm-vorbis: bf7c407c2cedff20999df2af8eb42d56 -> 
========================================================================
Received Import Request.
  path: Assets/Sounds/316913__jaz-the-man-2__si.wav
  artifactKey: Guid(90b7f29581bbd6b45a363e7d3651bb6b) Importer(815301076,1909f56bfc062723c751e8b465ee728b)
Start importing Assets/Sounds/316913__jaz-the-man-2__si.wav using Guid(90b7f29581bbd6b45a363e7d3651bb6b) Importer(815301076,1909f56bfc062723c751e8b465ee728b)  -> (artifact id: '364772c7ac778bf76690a2bd272e935b') in 0.441016 seconds 
========================================================================
Received Import Request.
  Time since last request: 0.000776 seconds.
  path: Assets/Sounds/316904__jaz-the-man-2__fa.wav
  artifactKey: Guid(ce639a8478b1d7542b3077592f93b708) Importer(815301076,1909f56bfc062723c751e8b465ee728b)
Start importing Assets/Sounds/316904__jaz-the-man-2__fa.wav using Guid(ce639a8478b1d7542b3077592f93b708) Importer(815301076,1909f56bfc062723c751e8b465ee728b)  -> (artifact id: 'db1eb7b8f7613cef8eb5396d7e4b99ff') in 0.083781 seconds 
========================================================================
Received Import Request.
  Time since last request: 0.000641 seconds.
  path: Assets/Sounds/316912__jaz-the-man-2__sol.wav
  artifactKey: Guid(f713d0a3c48c5c24bbeb0818dc23ce25) Importer(815301076,1909f56bfc062723c751e8b465ee728b)
Start importing Assets/Sounds/316912__jaz-the-man-2__sol.wav using Guid(f713d0a3c48c5c24bbeb0818dc23ce25) Importer(815301076,1909f56bfc062723c751e8b465ee728b)  -> (artifact id: '87d422ac77bf3c669886cab08513141b') in 0.144311 seconds 
========================================================================
Received Import Request.
  Time since last request: 0.001680 seconds.
  path: Assets/Sounds/back_test.mp3
  artifactKey: Guid(979c6ab342ff67c4bb103a87fd52b82e) Importer(815301076,1909f56bfc062723c751e8b465ee728b)
Start importing Assets/Sounds/back_test.mp3 using Guid(979c6ab342ff67c4bb103a87fd52b82e) Importer(815301076,1909f56bfc062723c751e8b465ee728b)  -> (artifact id: '1374a2276520a719aad0f09ea22909b9') in 0.087080 seconds 
========================================================================
Received Import Request.
  Time since last request: 0.000555 seconds.
  path: Assets/Sounds/316898__jaz-the-man-2__do.wav
  artifactKey: Guid(8952a6ddcf535164581ea44776c36b72) Importer(815301076,1909f56bfc062723c751e8b465ee728b)
Start importing Assets/Sounds/316898__jaz-the-man-2__do.wav using Guid(8952a6ddcf535164581ea44776c36b72) Importer(815301076,1909f56bfc062723c751e8b465ee728b)  -> (artifact id: '107fc251ad4d79d05c0c6114fc7e7f65') in 0.043846 seconds 
========================================================================
Received Import Request.
  Time since last request: 0.000293 seconds.
  path: Assets/Sounds/316906__jaz-the-man-2__mi.wav
  artifactKey: Guid(1522817f419464f4abf947b472308fe3) Importer(815301076,1909f56bfc062723c751e8b465ee728b)
Start importing Assets/Sounds/316906__jaz-the-man-2__mi.wav using Guid(1522817f419464f4abf947b472308fe3) Importer(815301076,1909f56bfc062723c751e8b465ee728b)  -> (artifact id: '2995abc025ab9d8d6851acb03bbdbf16') in 0.058371 seconds 
========================================================================
Received Import Request.
  Time since last request: 0.000306 seconds.
  path: Assets/Sounds/placeholderno.wav
  artifactKey: Guid(39e53699b21ca674f8da6a7e14fbb3c1) Importer(815301076,1909f56bfc062723c751e8b465ee728b)
Start importing Assets/Sounds/placeholderno.wav using Guid(39e53699b21ca674f8da6a7e14fbb3c1) Importer(815301076,1909f56bfc062723c751e8b465ee728b)  -> (artifact id: 'a425fc949c9820e6bc35afc344467695') in 0.028652 seconds 
========================================================================
Received Import Request.
  Time since last request: 0.000302 seconds.
  path: Assets/Sounds/316902__jaz-the-man-2__la.wav
  artifactKey: Guid(81d85d6efbaa03c41bdb380729b96ab4) Importer(815301076,1909f56bfc062723c751e8b465ee728b)
Start importing Assets/Sounds/316902__jaz-the-man-2__la.wav using Guid(81d85d6efbaa03c41bdb380729b96ab4) Importer(815301076,1909f56bfc062723c751e8b465ee728b)  -> (artifact id: '51c5620cc7b902226953b12297d81e74') in 0.056023 seconds 
========================================================================
Received Import Request.
  Time since last request: 0.000286 seconds.
  path: Assets/Sounds/316908__jaz-the-man-2__re.wav
  artifactKey: Guid(cd93252fb32bcf1449830c55776809af) Importer(815301076,1909f56bfc062723c751e8b465ee728b)
Start importing Assets/Sounds/316908__jaz-the-man-2__re.wav using Guid(cd93252fb32bcf1449830c55776809af) Importer(815301076,1909f56bfc062723c751e8b465ee728b)  -> (artifact id: 'd997d707e16fea16f951ad2a859ea4a6') in 0.043922 seconds 
AssetImportWorkerClient::OnTransportError - code=2 error=End of file
